11:42:05,711 (AWT-EventQueue-0) INFO  [Parranderos] - Limpiando la BD de Parranderos
11:42:05,809 (AWT-EventQueue-0) INFO  [PersistenciaParranderos] - Borrada la base de datos
11:42:05,810 (AWT-EventQueue-0) INFO  [Parranderos] - Limpiando la BD de Parranderos: Listo!
17:49:19,884 (main) INFO  [InterfazParranderosApp] - Se encontró un archivo de configuración válido: Interfaz
17:49:19,884 (main) INFO  [InterfazParranderosApp] - Se aplica configuración indicada en el archivo de configuración
17:49:19,896 (main) INFO  [InterfazParranderosApp] - Se encontró un archivo de configuración válido: Tablas BD
08:20:30,372 (main) INFO  [ConexionTest] - Probando el acceso a la base de datos con datos de usuario correctos, pero sin crear el esquema
08:20:30,533 (main) INFO  [ConexionTest] - Se encontró un archivo de configuración de tablas válido
08:20:35,885 (main) INFO  [ConexionTest] - Prueba de tabla inexistente incompleta. No se pudo conectar a la base de datos !!. La excepción generada es: javax.jdo.JDOFatalUserException
08:20:35,885 (main) INFO  [ConexionTest] - La causa es: javax.jdo.JDOFatalDataStoreException: ORA-01017: invalid username/password; logon denied

NestedThrowables:
java.sql.SQLException: ORA-01017: invalid username/password; logon denied

08:20:35,905 (main) INFO  [ConexionTest] - Probando el acceso a la base de datos con una base de datos que no existe
08:20:35,906 (main) INFO  [ConexionTest] - Se encontró un archivo de configuración de tablas válido
08:20:36,113 (main) INFO  [ConexionTest] - Prueba realizada exitosamente. La excepción generada es: javax.jdo.JDOFatalUserException
08:20:36,114 (main) INFO  [ConexionTest] - La causa es: javax.jdo.JDOFatalDataStoreException: Listener refused the connection with the following error:
ORA-12505, TNS:listener does not currently know of SID given in connect descriptor
 
NestedThrowables:
java.sql.SQLException: Listener refused the connection with the following error:
ORA-12505, TNS:listener does not currently know of SID given in connect descriptor
 
08:20:36,114 (main) INFO  [ConexionTest] - Probando el acceso a la base de datos con datos de usuario incorrectos
08:20:36,116 (main) INFO  [ConexionTest] - Se encontró un archivo de configuración de tablas válido
08:20:38,971 (main) INFO  [ConexionTest] - Probando el acceso a la base de datos con datos válidos (BD, credenciales, esquema
08:20:38,971 (main) INFO  [ConexionTest] - Se encontró un archivo de configuración de tablas válido
08:20:38,971 (main) INFO  [ConexionTest] - Conexión realizada correstamente
08:20:38,971 (main) INFO  [ConexionTest] - Cerrando la conexión
08:20:38,998 (main) INFO  [ConexionTest] - Conexión cerrada
08:20:39,000 (main) INFO  [TipoBebidaTest] - Probando la restricción de UNICIDAD del nombre del tipo de bebida
08:20:39,001 (main) INFO  [TipoBebidaTest] - Se encontró un archivo de configuración de tablas válido
08:20:40,436 (main) INFO  [TipoBebidaTest] - Prueba de UNICIDAD de Tipobebida incompleta. No se pudo conectar a la base de datos !!. La excepción generada es: javax.jdo.JDOFatalUserException
08:20:40,436 (main) INFO  [TipoBebidaTest] - La causa es: javax.jdo.JDOFatalDataStoreException: ORA-01017: invalid username/password; logon denied

NestedThrowables:
java.sql.SQLException: ORA-01017: invalid username/password; logon denied

08:20:40,440 (main) INFO  [TipoBebidaTest] - Probando las operaciones CRD sobre TipoBebida
08:20:40,442 (main) INFO  [TipoBebidaTest] - Se encontró un archivo de configuración de tablas válido
08:20:41,933 (main) INFO  [TipoBebidaTest] - Prueba de CRD de Tipobebida incompleta. No se pudo conectar a la base de datos !!. La excepción generada es: javax.jdo.JDOFatalUserException
08:20:41,933 (main) INFO  [TipoBebidaTest] - La causa es: javax.jdo.JDOFatalDataStoreException: ORA-01017: invalid username/password; logon denied

NestedThrowables:
java.sql.SQLException: ORA-01017: invalid username/password; logon denied

08:21:04,920 (main) INFO  [ConexionTest] - Probando el acceso a la base de datos con datos de usuario correctos, pero sin crear el esquema
08:21:05,153 (main) INFO  [ConexionTest] - Se encontró un archivo de configuración de tablas válido
08:21:10,582 (main) INFO  [ConexionTest] - Prueba de tabla inexistente incompleta. No se pudo conectar a la base de datos !!. La excepción generada es: javax.jdo.JDOFatalUserException
08:21:10,582 (main) INFO  [ConexionTest] - La causa es: javax.jdo.JDOFatalDataStoreException: ORA-01017: invalid username/password; logon denied

NestedThrowables:
java.sql.SQLException: ORA-01017: invalid username/password; logon denied

08:21:10,602 (main) INFO  [ConexionTest] - Probando el acceso a la base de datos con una base de datos que no existe
08:21:10,603 (main) INFO  [ConexionTest] - Se encontró un archivo de configuración de tablas válido
08:21:10,897 (main) INFO  [ConexionTest] - Prueba realizada exitosamente. La excepción generada es: javax.jdo.JDOFatalUserException
08:21:10,897 (main) INFO  [ConexionTest] - La causa es: javax.jdo.JDOFatalDataStoreException: Listener refused the connection with the following error:
ORA-12505, TNS:listener does not currently know of SID given in connect descriptor
 
NestedThrowables:
java.sql.SQLException: Listener refused the connection with the following error:
ORA-12505, TNS:listener does not currently know of SID given in connect descriptor
 
08:21:10,898 (main) INFO  [ConexionTest] - Probando el acceso a la base de datos con datos de usuario incorrectos
08:21:10,899 (main) INFO  [ConexionTest] - Se encontró un archivo de configuración de tablas válido
08:21:12,927 (main) INFO  [ConexionTest] - Probando el acceso a la base de datos con datos válidos (BD, credenciales, esquema
08:21:12,928 (main) INFO  [ConexionTest] - Se encontró un archivo de configuración de tablas válido
08:21:12,929 (main) INFO  [ConexionTest] - Conexión realizada correstamente
08:21:12,929 (main) INFO  [ConexionTest] - Cerrando la conexión
08:21:12,955 (main) INFO  [ConexionTest] - Conexión cerrada
08:23:33,107 (main) INFO  [ConexionTest] - Probando el acceso a la base de datos con datos de usuario correctos, pero sin crear el esquema
08:23:33,325 (main) INFO  [ConexionTest] - Se encontró un archivo de configuración de tablas válido
08:23:45,819 (main) INFO  [Parranderos] - Consultando Tipos de bebida
08:23:46,852 (main) INFO  [ConexionTest] - Prueba de tabla inexistente correcta. La excepción generada es: javax.jdo.JDODataStoreException
08:23:46,852 (main) INFO  [ConexionTest] - La causa es: java.sql.SQLSyntaxErrorException: ORA-00942: la tabla o vista no existe

08:23:46,852 (main) INFO  [Parranderos] - Limpiando la BD de Parranderos
08:23:49,257 (main) ERROR [PersistenciaParranderos] - Exception : Error con la ejecucion de Query de SQL "DELETE FROM B_GUSTAN".
ORA-00942: la tabla o vista no existe

08:23:49,713 (main) INFO  [Parranderos] - Limpiando la BD de Parranderos: Listo!
08:23:50,301 (main) INFO  [ConexionTest] - Probando el acceso a la base de datos con una base de datos que no existe
08:23:50,303 (main) INFO  [ConexionTest] - Se encontró un archivo de configuración de tablas válido
08:23:51,259 (main) INFO  [ConexionTest] - Prueba realizada exitosamente. La excepción generada es: javax.jdo.JDOFatalUserException
08:23:51,259 (main) INFO  [ConexionTest] - La causa es: javax.jdo.JDOFatalDataStoreException: Listener refused the connection with the following error:
ORA-12505, TNS:listener does not currently know of SID given in connect descriptor
 
NestedThrowables:
java.sql.SQLException: Listener refused the connection with the following error:
ORA-12505, TNS:listener does not currently know of SID given in connect descriptor
 
08:23:51,261 (main) INFO  [ConexionTest] - Probando el acceso a la base de datos con datos de usuario incorrectos
08:23:51,262 (main) INFO  [ConexionTest] - Se encontró un archivo de configuración de tablas válido
08:23:54,385 (main) INFO  [ConexionTest] - Prueba realizada exitosamente. La excepción generada es: javax.jdo.JDOFatalUserException
08:23:54,385 (main) INFO  [ConexionTest] - La causa es: javax.jdo.JDOFatalDataStoreException: ORA-01017: invalid username/password; logon denied

NestedThrowables:
java.sql.SQLException: ORA-01017: invalid username/password; logon denied

08:23:54,388 (main) INFO  [ConexionTest] - Probando el acceso a la base de datos con datos válidos (BD, credenciales, esquema
08:23:54,390 (main) INFO  [ConexionTest] - Se encontró un archivo de configuración de tablas válido
08:23:56,268 (main) INFO  [ConexionTest] - Conexión realizada correstamente
08:23:56,268 (main) INFO  [ConexionTest] - Cerrando la conexión
08:23:56,422 (main) INFO  [ConexionTest] - Conexión cerrada
08:23:56,424 (main) INFO  [TipoBebidaTest] - Probando la restricción de UNICIDAD del nombre del tipo de bebida
08:23:56,424 (main) INFO  [TipoBebidaTest] - Se encontró un archivo de configuración de tablas válido
08:23:57,521 (main) INFO  [Parranderos] - Generando los VO de Tipos de bebida
08:23:57,969 (main) INFO  [Parranderos] - Generando los VO de Tipos de bebida: 0 existentes
08:23:57,970 (main) INFO  [Parranderos] - Adicionando Tipo de bebida: Vino tinto
08:23:59,471 (main) INFO  [Parranderos] - Adicionando Tipo de bebida: TipoBebida [id=16, nombre=Vino tinto]
08:23:59,471 (main) INFO  [Parranderos] - Generando los VO de Tipos de bebida
08:23:59,748 (main) INFO  [Parranderos] - Generando los VO de Tipos de bebida: 1 existentes
08:23:59,749 (main) INFO  [Parranderos] - Adicionando Tipo de bebida: Vino tinto
08:24:00,153 (main) ERROR [PersistenciaParranderos] - Exception : Error con la ejecucion de Query de SQL "INSERT INTO A_TIPOBEBIDA(id, nombre) values (?, ?)".
ORA-00001: restricción única (ISIS2304B032010.UN_TIPOBEB_NOMBRE) violada

08:24:00,282 (main) INFO  [Parranderos] - Adicionando Tipo de bebida: null
08:24:00,282 (main) INFO  [Parranderos] - Limpiando la BD de Parranderos
08:24:01,179 (main) INFO  [PersistenciaParranderos] - Borrada la base de datos
08:24:01,179 (main) INFO  [Parranderos] - Limpiando la BD de Parranderos: Listo!
08:24:01,469 (main) INFO  [TipoBebidaTest] - Probando las operaciones CRD sobre TipoBebida
08:24:01,470 (main) INFO  [TipoBebidaTest] - Se encontró un archivo de configuración de tablas válido
08:24:03,217 (main) INFO  [Parranderos] - Generando los VO de Tipos de bebida
08:24:03,341 (main) INFO  [Parranderos] - Generando los VO de Tipos de bebida: 0 existentes
08:24:03,342 (main) INFO  [Parranderos] - Adicionando Tipo de bebida: Vino tinto
08:24:04,370 (main) INFO  [Parranderos] - Adicionando Tipo de bebida: TipoBebida [id=18, nombre=Vino tinto]
08:24:04,370 (main) INFO  [Parranderos] - Generando los VO de Tipos de bebida
08:24:04,521 (main) INFO  [Parranderos] - Generando los VO de Tipos de bebida: 1 existentes
08:24:04,521 (main) INFO  [Parranderos] - Adicionando Tipo de bebida: Cerveza
08:24:05,078 (main) INFO  [Parranderos] - Adicionando Tipo de bebida: TipoBebida [id=19, nombre=Cerveza]
08:24:05,078 (main) INFO  [Parranderos] - Generando los VO de Tipos de bebida
08:24:05,764 (main) INFO  [Parranderos] - Generando los VO de Tipos de bebida: 2 existentes
08:24:05,764 (main) INFO  [Parranderos] - Eliminando Tipo de bebida por id: 18
08:24:05,969 (main) INFO  [Parranderos] - Eliminando Tipo de bebida por id: 1 tuplas eliminadas
08:24:05,969 (main) INFO  [Parranderos] - Generando los VO de Tipos de bebida
08:24:07,325 (main) INFO  [Parranderos] - Generando los VO de Tipos de bebida: 1 existentes
08:24:07,325 (main) INFO  [Parranderos] - Eliminando Tipo de bebida por nombre: Cerveza
08:24:07,788 (main) INFO  [Parranderos] - Eliminando Tipo de bebida por nombre: 1 tuplas eliminadas
08:24:07,789 (main) INFO  [Parranderos] - Generando los VO de Tipos de bebida
08:24:07,946 (main) INFO  [Parranderos] - Generando los VO de Tipos de bebida: 0 existentes
08:24:07,946 (main) INFO  [Parranderos] - Limpiando la BD de Parranderos
08:24:08,501 (main) INFO  [PersistenciaParranderos] - Borrada la base de datos
08:24:08,501 (main) INFO  [Parranderos] - Limpiando la BD de Parranderos: Listo!
